<?xml version="1.0" encoding="UTF-8"?>
<!-- Generated by org.testng.reporters.JUnitXMLReporter -->
<testsuite ignored="0" hostname="DESKTOP-H4SH413" failures="0" tests="4" name="Default test" time="9.523" errors="0" timestamp="2024-06-06T11:31:16 EEST">
  <testcase classname="selenuimTestWeb_button.testLogin" name="verifyLogin" time="1.369"/>
  <testcase classname="selenuimTestWeb_button.testLogin" name="verifyLogin" time="1.093"/>
  <testcase classname="selenuimTestWeb_button.testLogin" name="verifyLogin" time="1.131"/>
  <testcase classname="selenuimTestWeb_button.testLogin" name="verifyLogin" time="0.484"/>
</testsuite> <!-- Default test -->
