<?xml version="1.0" encoding="UTF-8"?>
<!-- Generated by org.testng.reporters.JUnitXMLReporter -->
<testsuite ignored="0" hostname="DESKTOP-H4SH413" failures="0" tests="4" name="TestOnChrome" time="8.053" errors="0" timestamp="2024-06-06T11:36:50 EEST">
  <testcase classname="selenuimTestWeb_button.testLogin" name="verifyLogin" time="1.262"/>
  <testcase classname="selenuimTestWeb_button.testLogin" name="verifyLogin" time="1.022"/>
  <testcase classname="selenuimTestWeb_button.testLogin" name="verifyLogin" time="1.05"/>
  <testcase classname="selenuimTestWeb_button.testLogin" name="verifyLogin" time="0.412"/>
</testsuite> <!-- TestOnChrome -->
