<?xml version="1.0" encoding="UTF-8"?>
<!-- Generated by org.testng.reporters.JUnitXMLReporter -->
<testsuite ignored="0" hostname="DESKTOP-H4SH413" failures="0" tests="4" name="TestOnFirefox" time="12.193" errors="0" timestamp="2024-06-06T11:36:54 EEST">
  <testcase classname="selenuimTestWeb_button.testLogin" name="verifyLogin" time="1.164"/>
  <testcase classname="selenuimTestWeb_button.testLogin" name="verifyLogin" time="0.93"/>
  <testcase classname="selenuimTestWeb_button.testLogin" name="verifyLogin" time="0.813"/>
  <testcase classname="selenuimTestWeb_button.testLogin" name="verifyLogin" time="0.337"/>
</testsuite> <!-- TestOnFirefox -->
