<?xml version="1.0" encoding="UTF-8"?>
<!-- Generated by org.testng.reporters.JUnitXMLReporter -->
<testsuite ignored="0" hostname="DESKTOP-H4SH413" failures="0" tests="4" name="TestOnEdge" time="8.321" errors="0" timestamp="2024-06-06T11:36:58 EEST">
  <testcase classname="selenuimTestWeb_button.testLogin" name="verifyLogin" time="1.029"/>
  <testcase classname="selenuimTestWeb_button.testLogin" name="verifyLogin" time="0.97"/>
  <testcase classname="selenuimTestWeb_button.testLogin" name="verifyLogin" time="0.945"/>
  <testcase classname="selenuimTestWeb_button.testLogin" name="verifyLogin" time="0.407"/>
</testsuite> <!-- TestOnEdge -->
