<?xml version="1.0" encoding="UTF-8"?>
<testng-results ignored="0" total="1" passed="1" failed="0" skipped="0">
  <reporter-output>
  </reporter-output>
  <suite started-at="2024-05-22T14:07:46 EEST" name="Default suite" finished-at="2024-05-22T14:07:51 EEST" duration-ms="4979">
    <groups>
    </groups>
    <test started-at="2024-05-22T14:07:46 EEST" name="Default test" finished-at="2024-05-22T14:07:51 EEST" duration-ms="4979">
      <class name="selenuimTestWeb_button.googleTest">
        <test-method is-config="true" signature="setURL()[pri:0, instance:selenuimTestWeb_button.googleTest@123ef382]" started-at="2024-05-22T14:07:46 EEST" name="setURL" finished-at="2024-05-22T14:07:50 EEST" duration-ms="4178" status="PASS">
          <reporter-output>
          </reporter-output>
        </test-method> <!-- setURL -->
        <test-method signature="verifySearchButton()[pri:0, instance:selenuimTestWeb_button.googleTest@123ef382]" started-at="2024-05-22T14:07:50 EEST" name="verifySearchButton" finished-at="2024-05-22T14:07:51 EEST" duration-ms="462" status="PASS">
          <reporter-output>
          </reporter-output>
        </test-method> <!-- verifySearchButton -->
        <test-method is-config="true" signature="endSession()[pri:0, instance:selenuimTestWeb_button.googleTest@123ef382]" started-at="2024-05-22T14:07:51 EEST" name="endSession" finished-at="2024-05-22T14:07:51 EEST" duration-ms="253" status="PASS">
          <reporter-output>
          </reporter-output>
        </test-method> <!-- endSession -->
      </class> <!-- selenuimTestWeb_button.googleTest -->
    </test> <!-- Default test -->
  </suite> <!-- Default suite -->
</testng-results>
