<?xml version="1.0" encoding="UTF-8"?>
<testng-results ignored="0" total="1" passed="1" failed="0" skipped="0">
  <reporter-output>
  </reporter-output>
  <suite started-at="2024-05-29T11:03:59 EEST" name="Default suite" finished-at="2024-05-29T11:04:10 EEST" duration-ms="11448">
    <groups>
    </groups>
    <test started-at="2024-05-29T11:03:59 EEST" name="Default test" finished-at="2024-05-29T11:04:10 EEST" duration-ms="11448">
      <class name="selenuimTestWeb_button.googleTest">
        <test-method is-config="true" signature="setURL()[pri:0, instance:selenuimTestWeb_button.googleTest@61862a7f]" started-at="2024-05-29T11:03:59 EEST" name="setURL" finished-at="2024-05-29T11:04:04 EEST" duration-ms="4894" status="PASS">
          <reporter-output>
          </reporter-output>
        </test-method> <!-- setURL -->
        <test-method signature="verifySearchButton()[pri:0, instance:selenuimTestWeb_button.googleTest@61862a7f]" started-at="2024-05-29T11:04:04 EEST" name="verifySearchButton" finished-at="2024-05-29T11:04:10 EEST" duration-ms="6143" status="PASS">
          <reporter-output>
          </reporter-output>
        </test-method> <!-- verifySearchButton -->
        <test-method is-config="true" signature="endSession()[pri:0, instance:selenuimTestWeb_button.googleTest@61862a7f]" started-at="2024-05-29T11:04:10 EEST" name="endSession" finished-at="2024-05-29T11:04:10 EEST" duration-ms="265" status="PASS">
          <reporter-output>
          </reporter-output>
        </test-method> <!-- endSession -->
      </class> <!-- selenuimTestWeb_button.googleTest -->
    </test> <!-- Default test -->
  </suite> <!-- Default suite -->
</testng-results>
